C:\Users\Gouri\Iot\fatigue-detection\.venv\Lib\site-packages\sklearn\utils\validation.py:2827: UserWarning: X does not have valid feature names, but LGBMClassifier was fitted with feature names
  warnings.warn(
C:\Users\Gouri\Iot\fatigue-detection\.venv\Lib\site-packages\sklearn\utils\validation.py:2827: UserWarning: X does not have valid feature names, but LGBMClassifier was fitted with feature names
  warnings.warn(
C:\Users\Gouri\Iot\fatigue-detection\.venv\Lib\site-packages\sklearn\utils\validation.py:2827: UserWarning: X does not have valid feature names, but LGBMClassifier was fitted with feature names
  warnings.warn(
C:\Users\Gouri\Iot\fatigue-detection\.venv\Lib\site-packages\sklearn\utils\validation.py:2827: UserWarning: X does not have valid feature names, but LGBMClassifier was fitted with feature names
  warnings.warn(
C:\Users\Gouri\Iot\fatigue-detection\.venv\Lib\site-packages\sklearn\utils\validation.py:2827: UserWarning: X does not have valid feature names, but LGBMClassifier was fitted with feature names
  warnings.warn(
C:\Users\Gouri\Iot\fatigue-detection\.venv\Lib\site-packages\sklearn\utils\validation.py:2827: UserWarning: X does not have valid feature names, but LGBMClassifier was fitted with feature names
  warnings.warn(
C:\Users\Gouri\Iot\fatigue-detection\.venv\Lib\site-packages\sklearn\utils\validation.py:2827: UserWarning: X does not have valid feature names, but LGBMClassifier was fitted with feature names
  warnings.warn(
C:\Users\Gouri\Iot\fatigue-detection\.venv\Lib\site-packages\sklearn\utils\validation.py:2827: UserWarning: X does not have valid feature names, but LGBMClassifier was fitted with feature names
  warnings.warn(
C:\Users\Gouri\Iot\fatigue-detection\.venv\Lib\site-packages\sklearn\utils\validation.py:2827: UserWarning: X does not have valid feature names, but LGBMClassifier was fitted with feature names
  warnings.warn(
C:\Users\Gouri\Iot\fatigue-detection\.venv\Lib\site-packages\sklearn\utils\validation.py:2827: UserWarning: X does not have valid feature names, but LGBMClassifier was fitted with feature names
  warnings.warn(
C:\Users\Gouri\Iot\fatigue-detection\.venv\Lib\site-packages\sklearn\utils\validation.py:2827: UserWarning: X does not have valid feature names, but LGBMClassifier was fitted with feature names
  warnings.warn(
C:\Users\Gouri\Iot\fatigue-detection\.venv\Lib\site-packages\sklearn\utils\validation.py:2827: UserWarning: X does not have valid feature names, but LGBMClassifier was fitted with feature names
  warnings.warn(
C:\Users\Gouri\Iot\fatigue-detection\.venv\Lib\site-packages\sklearn\utils\validation.py:2827: UserWarning: X does not have valid feature names, but LGBMClassifier was fitted with feature names
  warnings.warn(
C:\Users\Gouri\Iot\fatigue-detection\.venv\Lib\site-packages\sklearn\utils\validation.py:2827: UserWarning: X does not have valid feature names, but LGBMClassifier was fitted with feature names
  warnings.warn(
C:\Users\Gouri\Iot\fatigue-detection\.venv\Lib\site-packages\sklearn\utils\validation.py:2827: UserWarning: X does not have valid feature names, but LGBMClassifier was fitted with feature names
  warnings.warn(
C:\Users\Gouri\Iot\fatigue-detection\.venv\Lib\site-packages\sklearn\utils\validation.py:2827: UserWarning: X does not have valid feature names, but LGBMClassifier was fitted with feature names
  warnings.warn(
C:\Users\Gouri\Iot\fatigue-detection\.venv\Lib\site-packages\sklearn\utils\validation.py:2827: UserWarning: X does not have valid feature names, but LGBMClassifier was fitted with feature names
  warnings.warn(
C:\Users\Gouri\Iot\fatigue-detection\.venv\Lib\site-packages\sklearn\utils\validation.py:2827: UserWarning: X does not have valid feature names, but LGBMClassifier was fitted with feature names
  warnings.warn(
C:\Users\Gouri\Iot\fatigue-detection\.venv\Lib\site-packages\sklearn\utils\validation.py:2827: UserWarning: X does not have valid feature names, but LGBMClassifier was fitted with feature names
  warnings.warn(
C:\Users\Gouri\Iot\fatigue-detection\.venv\Lib\site-packages\sklearn\utils\validation.py:2827: UserWarning: X does not have valid feature names, but LGBMClassifier was fitted with feature names
  warnings.warn(
C:\Users\Gouri\Iot\fatigue-detection\.venv\Lib\site-packages\sklearn\utils\validation.py:2827: UserWarning: X does not have valid feature names, but LGBMClassifier was fitted with feature names
  warnings.warn(
C:\Users\Gouri\Iot\fatigue-detection\.venv\Lib\site-packages\sklearn\utils\validation.py:2827: UserWarning: X does not have valid feature names, but LGBMClassifier was fitted with feature names
  warnings.warn(
C:\Users\Gouri\Iot\fatigue-detection\.venv\Lib\site-packages\sklearn\utils\validation.py:2827: UserWarning: X does not have valid feature names, but LGBMClassifier was fitted with feature names
  warnings.warn(
C:\Users\Gouri\Iot\fatigue-detection\.venv\Lib\site-packages\sklearn\utils\validation.py:2827: UserWarning: X does not have valid feature names, but LGBMClassifier was fitted with feature names
  warnings.warn(
C:\Users\Gouri\Iot\fatigue-detection\.venv\Lib\site-packages\sklearn\utils\validation.py:2827: UserWarning: X does not have valid feature names, but LGBMClassifier was fitted with feature names
  warnings.warn(
C:\Users\Gouri\Iot\fatigue-detection\.venv\Lib\site-packages\sklearn\utils\validation.py:2827: UserWarning: X does not have valid feature names, but LGBMClassifier was fitted with feature names
  warnings.warn(
C:\Users\Gouri\Iot\fatigue-detection\.venv\Lib\site-packages\sklearn\utils\validation.py:2827: UserWarning: X does not have valid feature names, but LGBMClassifier was fitted with feature names
  warnings.warn(
C:\Users\Gouri\Iot\fatigue-detection\.venv\Lib\site-packages\sklearn\utils\validation.py:2827: UserWarning: X does not have valid feature names, but LGBMClassifier was fitted with feature names
  warnings.warn(
C:\Users\Gouri\Iot\fatigue-detection\.venv\Lib\site-packages\sklearn\utils\validation.py:2827: UserWarning: X does not have valid feature names, but LGBMClassifier was fitted with feature names
  warnings.warn(
C:\Users\Gouri\Iot\fatigue-detection\.venv\Lib\site-packages\sklearn\utils\validation.py:2827: UserWarning: X does not have valid feature names, but LGBMClassifier was fitted with feature names
  warnings.warn(
C:\Users\Gouri\Iot\fatigue-detection\.venv\Lib\site-packages\sklearn\utils\validation.py:2827: UserWarning: X does not have valid feature names, but LGBMClassifier was fitted with feature names
  warnings.warn(
C:\Users\Gouri\Iot\fatigue-detection\.venv\Lib\site-packages\sklearn\utils\validation.py:2827: UserWarning: X does not have valid feature names, but LGBMClassifier was fitted with feature names
  warnings.warn(
C:\Users\Gouri\Iot\fatigue-detection\.venv\Lib\site-packages\sklearn\utils\validation.py:2827: UserWarning: X does not have valid feature names, but LGBMClassifier was fitted with feature names
  warnings.warn(
C:\Users\Gouri\Iot\fatigue-detection\.venv\Lib\site-packages\sklearn\utils\validation.py:2827: UserWarning: X does not have valid feature names, but LGBMClassifier was fitted with feature names
  warnings.warn(
C:\Users\Gouri\Iot\fatigue-detection\.venv\Lib\site-packages\sklearn\utils\validation.py:2827: UserWarning: X does not have valid feature names, but LGBMClassifier was fitted with feature names
  warnings.warn(
Traceback (most recent call last):
  File "C:\Users\Gouri\Iot\fatigue-detection\main.py", line 222, in <module>
    write_live_status({
    ~~~~~~~~~~~~~~~~~^^
        "driver_id": DRIVER_ID,
        ^^^^^^^^^^^^^^^^^^^^^^^
    ...<13 lines>...
        "hour": hour,
        ^^^^^^^^^^^^^
    })
    ^^
  File "C:\Users\Gouri\Iot\fatigue-detection\main.py", line 129, in write_live_status
    os.replace(temp_path, STATUS_PATH)
    ~~~~~~~~~~^^^^^^^^^^^^^^^^^^^^^^^^
PermissionError: [WinError 5] Access is denied: 'C:\\Users\\Gouri\\Iot\\fatigue-detection\\dashboard\\live_status.json.tmp' -> 'C:\\Users\\Gouri\\Iot\\fatigue-detection\\dashboard\\live_status.json'
