[Firebase] Polling https://fatigue-detection-26427-default-rtdb.asia-southeast1.firebasedatabase.app/drowsiness/latest.json?auth=4g6DYXF1PyHL8BuTLEPMbdBCtb9gacd7PXMrkWJo every 2s
Loading fine-tuned model from runs/detect/train-4/weights/best.pt
[Vision] Webcam pipeline started.
[Fusion] Model loaded.
[Firebase] Error initializing firebase admin: The default Firebase app already exists. This means you called initialize_app() more than once without providing an app name as the second argument. In most cases you only need to call initialize_app() once. But if you do want to initialize multiple apps, pass a second argument to initialize_app() to give each app a unique name.. Falling back to mock database mode.
[RL] Session started for driver_001
[Weather] overcast clouds → severity 0.4

=== System running. Press Ctrl+C to stop. ===

[Main] Waiting for first ESP32 reading from Firebase...
Webcam opened. Press Q to quit.
[Firebase] New reading: ts=1781002982
{'drowsy_confidence': 0.0, 'awake_confidence': 0.0, 'perclos': 0.0, 'head_state': 'unknown', 'alert_score': 0.0, 'label': 'uncertain', 'ts': 1781003053}
{'drowsy_confidence': 0.0, 'awake_confidence': 0.344, 'perclos': 0.0, 'head_state': 'nodding', 'alert_score': 0.15, 'label': 'uncertain', 'ts': 1781003054}
[16:34:15] YOLO=0.00  PERCLOS=0.00  Jerk=0.01  Posture=-1.0cm  Fusion=0.00  Weather=overcast clouds
{'drowsy_confidence': 0.0, 'awake_confidence': 0.0, 'perclos': 0.0, 'head_state': 'unknown', 'alert_score': 0.0, 'label': 'uncertain', 'ts': 1781003055}
[16:34:16] YOLO=0.00  PERCLOS=0.00  Jerk=0.01  Posture=-1.0cm  Fusion=0.00  Weather=overcast clouds
{'drowsy_confidence': 0.0, 'awake_confidence': 0.0, 'perclos': 0.0, 'head_state': 'unknown', 'alert_score': 0.0, 'label': 'uncertain', 'ts': 1781003056}
[16:34:17] YOLO=0.00  PERCLOS=0.00  Jerk=0.01  Posture=-1.0cm  Fusion=0.00  Weather=overcast clouds
{'drowsy_confidence': 0.0, 'awake_confidence': 0.409, 'perclos': 0.0, 'head_state': 'nodding', 'alert_score': 0.15, 'label': 'uncertain', 'ts': 1781003057}
[Firebase] New reading: ts=1781002986
[16:34:18] YOLO=0.00  PERCLOS=0.00  Jerk=0.01  Posture=6.2cm  Fusion=0.00  Weather=overcast clouds

 ALERT: Please stay alert. Please pull over and take a rest.

{'drowsy_confidence': 0.0, 'awake_confidence': 0.0, 'perclos': 0.0, 'head_state': 'unknown', 'alert_score': 0.0, 'label': 'uncertain', 'ts': 1781003058}
[16:34:19] YOLO=0.00  PERCLOS=0.00  Jerk=0.01  Posture=6.2cm  Fusion=0.00  Weather=overcast clouds
{'drowsy_confidence': 0.0, 'awake_confidence': 0.0, 'perclos': 0.0, 'head_state': 'unknown', 'alert_score': 0.0, 'label': 'uncertain', 'ts': 1781003059}
[16:34:20] YOLO=0.00  PERCLOS=0.00  Jerk=0.01  Posture=6.2cm  Fusion=0.00  Weather=overcast clouds
{'drowsy_confidence': 0.0, 'awake_confidence': 0.0, 'perclos': 0.0, 'head_state': 'unknown', 'alert_score': 0.0, 'label': 'uncertain', 'ts': 1781003060}
[Firebase] New reading: ts=1781002991
[16:34:21] YOLO=0.00  PERCLOS=0.00  Jerk=0.01  Posture=8.9cm  Fusion=0.00  Weather=overcast clouds
{'drowsy_confidence': 0.0, 'awake_confidence': 0.0, 'perclos': 0.0, 'head_state': 'unknown', 'alert_score': 0.0, 'label': 'uncertain', 'ts': 1781003061}
[16:34:22] YOLO=0.00  PERCLOS=0.00  Jerk=0.01  Posture=8.9cm  Fusion=0.00  Weather=overcast clouds
{'drowsy_confidence': 0.0, 'awake_confidence': 0.0, 'perclos': 0.0, 'head_state': 'unknown', 'alert_score': 0.0, 'label': 'uncertain', 'ts': 1781003062}
[16:34:23] YOLO=0.00  PERCLOS=0.00  Jerk=0.01  Posture=8.9cm  Fusion=0.00  Weather=overcast clouds
[Firebase] New reading: ts=1781002994
{'drowsy_confidence': 0.0, 'awake_confidence': 0.0, 'perclos': 0.0, 'head_state': 'unknown', 'alert_score': 0.0, 'label': 'uncertain', 'ts': 1781003063}
[16:34:24] YOLO=0.00  PERCLOS=0.00  Jerk=0.01  Posture=11.1cm  Fusion=0.00  Weather=overcast clouds
{'drowsy_confidence': 0.0, 'awake_confidence': 0.0, 'perclos': 0.0, 'head_state': 'unknown', 'alert_score': 0.0, 'label': 'uncertain', 'ts': 1781003064}
[16:34:25] YOLO=0.00  PERCLOS=0.00  Jerk=0.01  Posture=11.1cm  Fusion=0.00  Weather=overcast clouds
{'drowsy_confidence': 0.0, 'awake_confidence': 0.0, 'perclos': 0.0, 'head_state': 'unknown', 'alert_score': 0.0, 'label': 'uncertain', 'ts': 1781003065}
[16:34:26] YOLO=0.00  PERCLOS=0.00  Jerk=0.01  Posture=11.1cm  Fusion=0.00  Weather=overcast clouds
[Firebase] New reading: ts=1781002995
{'drowsy_confidence': 0.0, 'awake_confidence': 0.0, 'perclos': 0.0, 'head_state': 'unknown', 'alert_score': 0.0, 'label': 'uncertain', 'ts': 1781003067}
[16:34:27] YOLO=0.00  PERCLOS=0.00  Jerk=0.01  Posture=3.3cm  Fusion=0.00  Weather=overcast clouds
{'drowsy_confidence': 0.0, 'awake_confidence': 0.0, 'perclos': 0.0, 'head_state': 'unknown', 'alert_score': 0.0, 'label': 'uncertain', 'ts': 1781003068}
[16:34:28] YOLO=0.00  PERCLOS=0.00  Jerk=0.01  Posture=3.3cm  Fusion=0.00  Weather=overcast clouds
{'drowsy_confidence': 0.0, 'awake_confidence': 0.265, 'perclos': 0.0, 'head_state': 'tilted', 'alert_score': 0.09, 'label': 'uncertain', 'ts': 1781003069}
[16:34:29] YOLO=0.00  PERCLOS=0.00  Jerk=0.01  Posture=3.3cm  Fusion=0.00  Weather=overcast clouds
[Firebase] New reading: ts=1781002999
{'drowsy_confidence': 0.0, 'awake_confidence': 0.0, 'perclos': 0.0, 'head_state': 'unknown', 'alert_score': 0.0, 'label': 'uncertain', 'ts': 1781003070}
[16:34:30] YOLO=0.00  PERCLOS=0.00  Jerk=0.01  Posture=3.2cm  Fusion=0.00  Weather=overcast clouds
{'drowsy_confidence': 0.0, 'awake_confidence': 0.0, 'perclos': 0.0, 'head_state': 'unknown', 'alert_score': 0.0, 'label': 'uncertain', 'ts': 1781003071}
[16:34:31] YOLO=0.00  PERCLOS=0.00  Jerk=0.01  Posture=3.2cm  Fusion=0.00  Weather=overcast clouds
{'drowsy_confidence': 0.0, 'awake_confidence': 0.0, 'perclos': 0.0, 'head_state': 'unknown', 'alert_score': 0.0, 'label': 'uncertain', 'ts': 1781003072}
[16:34:32] YOLO=0.00  PERCLOS=0.00  Jerk=0.01  Posture=3.2cm  Fusion=0.00  Weather=overcast clouds
[Firebase] New reading: ts=1781003002
{'drowsy_confidence': 0.0, 'awake_confidence': 0.0, 'perclos': 0.0, 'head_state': 'unknown', 'alert_score': 0.0, 'label': 'uncertain', 'ts': 1781003073}
[16:34:33] YOLO=0.00  PERCLOS=0.00  Jerk=0.01  Posture=-1.0cm  Fusion=0.00  Weather=overcast clouds
[16:34:34] YOLO=0.00  PERCLOS=0.00  Jerk=0.01  Posture=-1.0cm  Fusion=0.00  Weather=overcast clouds
{'drowsy_confidence': 0.0, 'awake_confidence': 0.0, 'perclos': 0.0, 'head_state': 'unknown', 'alert_score': 0.0, 'label': 'uncertain', 'ts': 1781003074}
[Firebase] New reading: ts=1781003006
[16:34:35] YOLO=0.00  PERCLOS=0.00  Jerk=0.01  Posture=-1.0cm  Fusion=0.00  Weather=overcast clouds
{'drowsy_confidence': 0.0, 'awake_confidence': 0.0, 'perclos': 0.0, 'head_state': 'unknown', 'alert_score': 0.0, 'label': 'uncertain', 'ts': 1781003075}
[16:34:36] YOLO=0.00  PERCLOS=0.00  Jerk=0.01  Posture=-1.0cm  Fusion=0.00  Weather=overcast clouds
{'drowsy_confidence': 0.0, 'awake_confidence': 0.0, 'perclos': 0.0, 'head_state': 'unknown', 'alert_score': 0.0, 'label': 'uncertain', 'ts': 1781003076}
[16:34:37] YOLO=0.00  PERCLOS=0.00  Jerk=0.01  Posture=-1.0cm  Fusion=0.00  Weather=overcast clouds
{'drowsy_confidence': 0.0, 'awake_confidence': 0.0, 'perclos': 0.0, 'head_state': 'unknown', 'alert_score': 0.0, 'label': 'uncertain', 'ts': 1781003077}
[Firebase] New reading: ts=1781003008
[16:34:38] YOLO=0.00  PERCLOS=0.00  Jerk=0.01  Posture=6.0cm  Fusion=0.00  Weather=overcast clouds
{'drowsy_confidence': 0.0, 'awake_confidence': 0.0, 'perclos': 0.0, 'head_state': 'unknown', 'alert_score': 0.0, 'label': 'uncertain', 'ts': 1781003078}
[16:34:39] YOLO=0.00  PERCLOS=0.02  Jerk=0.01  Posture=6.0cm  Fusion=0.00  Weather=overcast clouds
{'drowsy_confidence': 0.0, 'awake_confidence': 0.433, 'perclos': 0.017, 'head_state': 'upright', 'alert_score': 0.006, 'label': 'uncertain', 'ts': 1781003079}
[16:34:40] YOLO=0.00  PERCLOS=0.02  Jerk=0.01  Posture=6.0cm  Fusion=0.00  Weather=overcast clouds
{'drowsy_confidence': 0.0, 'awake_confidence': 0.0, 'perclos': 0.017, 'head_state': 'unknown', 'alert_score': 0.006, 'label': 'uncertain', 'ts': 1781003080}
[Firebase] New reading: ts=1781003011
[16:34:41] YOLO=0.00  PERCLOS=0.02  Jerk=0.01  Posture=8.8cm  Fusion=0.00  Weather=overcast clouds
{'drowsy_confidence': 0.0, 'awake_confidence': 0.0, 'perclos': 0.017, 'head_state': 'unknown', 'alert_score': 0.006, 'label': 'uncertain', 'ts': 1781003081}
[16:34:42] YOLO=0.00  PERCLOS=0.02  Jerk=0.01  Posture=8.8cm  Fusion=0.00  Weather=overcast clouds
{'drowsy_confidence': 0.0, 'awake_confidence': 0.0, 'perclos': 0.017, 'head_state': 'unknown', 'alert_score': 0.006, 'label': 'uncertain', 'ts': 1781003082}
[16:34:43] YOLO=0.00  PERCLOS=0.02  Jerk=0.01  Posture=8.8cm  Fusion=0.00  Weather=overcast clouds
{'drowsy_confidence': 0.0, 'awake_confidence': 0.0, 'perclos': 0.017, 'head_state': 'unknown', 'alert_score': 0.006, 'label': 'uncertain', 'ts': 1781003083}
[16:34:44] YOLO=0.00  PERCLOS=0.00  Jerk=0.01  Posture=8.8cm  Fusion=0.00  Weather=overcast clouds
{'drowsy_confidence': 0.0, 'awake_confidence': 0.0, 'perclos': 0.0, 'head_state': 'unknown', 'alert_score': 0.0, 'label': 'uncertain', 'ts': 1781003084}
[16:34:45] YOLO=0.00  PERCLOS=0.00  Jerk=0.01  Posture=8.8cm  Fusion=0.00  Weather=overcast clouds
{'drowsy_confidence': 0.0, 'awake_confidence': 0.0, 'perclos': 0.0, 'head_state': 'unknown', 'alert_score': 0.0, 'label': 'uncertain', 'ts': 1781003085}
[Firebase] New reading: ts=1781003016
[16:34:46] YOLO=0.00  PERCLOS=0.00  Jerk=0.01  Posture=4.7cm  Fusion=0.00  Weather=overcast clouds
{'drowsy_confidence': 0.344, 'awake_confidence': 0.351, 'perclos': 0.0, 'head_state': 'tilted', 'alert_score': 0.262, 'label': 'uncertain', 'ts': 1781003087}
[16:34:47] YOLO=0.00  PERCLOS=0.02  Jerk=0.01  Posture=4.7cm  Fusion=0.00  Weather=overcast clouds
{'drowsy_confidence': 0.0, 'awake_confidence': 0.0, 'perclos': 0.017, 'head_state': 'unknown', 'alert_score': 0.006, 'label': 'uncertain', 'ts': 1781003088}
[16:34:48] YOLO=0.00  PERCLOS=0.02  Jerk=0.01  Posture=4.7cm  Fusion=0.00  Weather=overcast clouds
[Firebase] New reading: ts=1781003019
{'drowsy_confidence': 0.0, 'awake_confidence': 0.0, 'perclos': 0.017, 'head_state': 'unknown', 'alert_score': 0.006, 'label': 'uncertain', 'ts': 1781003089}
[16:34:49] YOLO=0.00  PERCLOS=0.02  Jerk=0.01  Posture=4.3cm  Fusion=0.00  Weather=overcast clouds
